-------------------------------------------------------------------------------
Test set: test.springframework.sfgpetclinic.SfgPetClinicApplicationTests
-------------------------------------------------------------------------------
Tests run: 1, Failures: 0, Errors: 1, Skipped: 0, Time elapsed: 5.42 s <<< FAILURE! - in test.springframework.sfgpetclinic.SfgPetClinicApplicationTests
contextLoads  Time elapsed: 0.022 s  <<< ERROR!
java.lang.IllegalStateException: Failed to load ApplicationContext
Caused by: org.springframework.beans.factory.UnsatisfiedDependencyException: Error creating bean with name 'dataLoader' defined in file [/Users/martins.andzans/IdeaProjects/sfg-pet-clinic/pet-clinic-web/target/classes/test/springframework/sfgpetclinic/bootstrap/DataLoader.class]: Unsatisfied dependency expressed through constructor parameter 3; nested exception is org.springframework.beans.factory.NoSuchBeanDefinitionException: No qualifying bean of type 'test.springframework.sfgpetclinic.services.SpecialitiesService' available: expected at least 1 bean which qualifies as autowire candidate. Dependency annotations: {}
Caused by: org.springframework.beans.factory.NoSuchBeanDefinitionException: No qualifying bean of type 'test.springframework.sfgpetclinic.services.SpecialitiesService' available: expected at least 1 bean which qualifies as autowire candidate. Dependency annotations: {}

